<?xml version="1.0" encoding="UTF-8"?>
<!-- Generated by org.testng.reporters.JUnitReportReporter -->
<testsuite hostname="USL-57R6042" failures="0" tests="1" name="testmethods.ForgotPasswordModuleTest" time="12.063" errors="0" timestamp="19 May 2022 10:17:07 GMT" skipped="0">
  <testcase classname="testmethods.ForgotPasswordModuleTest" name="forgotPasswordPositiveScenario" time="12.063"/>
</testsuite> <!-- testmethods.ForgotPasswordModuleTest -->
