<?xml version="1.0" encoding="UTF-8"?>
<!-- Generated by org.testng.reporters.JUnitReportReporter -->
<testsuite hostname="USL-57R6042" failures="0" tests="3" name="testmethods.ProductListAndGridModuleTest" time="68.510" errors="0" timestamp="12 May 2022 05:00:55 GMT" skipped="2">
  <testcase classname="testmethods.ProductListAndGridModuleTest" name="verifyProductDetailsInListPage" time="68.510"/>
  <testcase classname="testmethods.ProductListAndGridModuleTest" name="verifyRefineResultOfMultipleFilterThroughCategory">
    <skipped/>
  </testcase> <!-- verifyRefineResultOfMultipleFilterThroughCategory -->
  <testcase classname="testmethods.ProductListAndGridModuleTest" name="verifySortByDropdownOptions">
    <skipped/>
  </testcase> <!-- verifySortByDropdownOptions -->
</testsuite> <!-- testmethods.ProductListAndGridModuleTest -->
