<?xml version="1.0" encoding="UTF-8"?>
<!-- Generated by org.testng.reporters.JUnitReportReporter -->
<testsuite hostname="USL-57R6042" failures="0" tests="2" name="testmethods.POCheckoutModuleTest" time="163.306" errors="0" timestamp="27 Oct 2022 07:32:47 GMT" skipped="1">
  <testcase classname="testmethods.POCheckoutModuleTest" name="verifyErrorScenarioOrderDetails" time="163.306"/>
  <testcase classname="testmethods.POCheckoutModuleTest" name="verifyCheckoutProcessByPO">
    <skipped/>
  </testcase> <!-- verifyCheckoutProcessByPO -->
</testsuite> <!-- testmethods.POCheckoutModuleTest -->
