<?xml version="1.0" encoding="UTF-8"?>
<!-- Generated by org.testng.reporters.JUnitReportReporter -->
<testsuite hostname="USL-57R6042" failures="0" tests="3" name="testmethods.AddToCartModuleTest" time="86.584" errors="0" timestamp="27 Oct 2022 07:18:08 GMT" skipped="2">
  <testcase classname="testmethods.AddToCartModuleTest" name="verifiyAddToCartFunctionalityFromPLPage" time="86.584"/>
  <testcase classname="testmethods.AddToCartModuleTest" name="verifyErrorMessageIfQtyIsLessThanMinOrderInPLPage">
    <skipped/>
  </testcase> <!-- verifyErrorMessageIfQtyIsLessThanMinOrderInPLPage -->
  <testcase classname="testmethods.AddToCartModuleTest" name="verifyErrorMessageIfQtyIsLessThanMinOrderInDetailPage">
    <skipped/>
  </testcase> <!-- verifyErrorMessageIfQtyIsLessThanMinOrderInDetailPage -->
</testsuite> <!-- testmethods.AddToCartModuleTest -->
