<?xml version="1.0" encoding="UTF-8"?>
<!-- Generated by org.testng.reporters.JUnitReportReporter -->
<testsuite hostname="USL-57R6042" failures="0" tests="2" name="testmethods.ShoppingCartModuleTest" time="68.380" errors="0" timestamp="01 Jul 2022 07:57:19 GMT" skipped="1">
  <testcase classname="testmethods.ShoppingCartModuleTest" name="shoppingCart_quantityField_ES" time="68.380"/>
  <testcase classname="testmethods.ShoppingCartModuleTest" name="verificationOfPaginationAndOkCancleButtonFunctionality">
    <skipped/>
  </testcase> <!-- verificationOfPaginationAndOkCancleButtonFunctionality -->
</testsuite> <!-- testmethods.ShoppingCartModuleTest -->
