<?xml version="1.0" encoding="UTF-8"?>
<!-- Generated by org.testng.reporters.JUnitReportReporter -->
<testsuite hostname="USL-57R6042" failures="0" tests="2" name="testmethods.ChangePasswordTest" time="11.400" errors="0" timestamp="19 May 2022 07:05:33 GMT" skipped="1">
  <testcase classname="testmethods.ChangePasswordTest" name="verifyChangePwdTabOrderT2B" time="11.400"/>
  <testcase classname="testmethods.ChangePasswordTest" name="verifyChangePasswordModule">
    <skipped/>
  </testcase> <!-- verifyChangePasswordModule -->
</testsuite> <!-- testmethods.ChangePasswordTest -->
