<?xml version="1.0" encoding="UTF-8"?>
<!-- Generated by org.testng.reporters.JUnitReportReporter -->
<testsuite hostname="USL-57R6042" failures="0" tests="1" name="testmethods.LoginModuleTest" time="28.390" errors="0" timestamp="28 Sep 2022 04:42:01 GMT" skipped="0">
  <testcase classname="testmethods.LoginModuleTest" name="loginDropdownValidTest" time="28.390"/>
</testsuite> <!-- testmethods.LoginModuleTest -->
