<?xml version="1.0" encoding="UTF-8"?>
<!-- Generated by org.testng.reporters.JUnitReportReporter -->
<testsuite hostname="USL-2T59152" failures="0" tests="6" name="testmethods.CategoryPagesTest" time="28.495" errors="0" timestamp="27 Apr 2022 07:00:00 GMT" skipped="3">
  <testcase classname="testmethods.CategoryPagesTest" name="verifyLeftMenuManufacturersPages" time="11.186"/>
  <testcase classname="testmethods.CategoryPagesTest" name="verifyLeftMenuBrandPages" time="9.595"/>
  <testcase classname="testmethods.CategoryPagesTest" name="verifyBreadcrumbsOfCategoryPages" time="7.714"/>
  <testcase classname="testmethods.CategoryPagesTest" name="verifyLeftMenuLMultipalLevelCategoryPages">
    <skipped/>
  </testcase> <!-- verifyLeftMenuLMultipalLevelCategoryPages -->
  <testcase classname="testmethods.CategoryPagesTest" name="verifyLeftMenuProductCategoryPages">
    <skipped/>
  </testcase> <!-- verifyLeftMenuProductCategoryPages -->
  <testcase classname="testmethods.CategoryPagesTest" name="verifyLeftMenuOnCategoryPages">
    <skipped/>
  </testcase> <!-- verifyLeftMenuOnCategoryPages -->
</testsuite> <!-- testmethods.CategoryPagesTest -->
