<?xml version="1.0" encoding="UTF-8"?>
<!-- Generated by org.testng.reporters.JUnitReportReporter -->
<testsuite hostname="USL-57R6042" failures="1" tests="2" name="testmethods.RequestForQuoteModule" time="15.501" errors="0" timestamp="16 May 2022 12:36:06 GMT" skipped="1">
  <testcase classname="testmethods.RequestForQuoteModule" name="verifyErrorMessagesWhenNoProductInformationEntered" time="15.501">
    <failure message="verifyErrorMessagesWhenNoProductInformationEntered failed :Error message is not matched when no producr info is entered expected [Please Enter Atleast One Product Information.] but found [Please Enter At Least One Product Information.]" type="java.lang.AssertionError">
      <![CDATA[java.lang.AssertionError: verifyErrorMessagesWhenNoProductInformationEntered failed :Error message is not matched when no producr info is entered expected [Please Enter Atleast One Product Information.] but found [Please Enter At Least One Product Information.]
at org.testng.Assert.fail(Assert.java:96)
at testmethods.RequestForQuoteModule.verifyErrorMessagesWhenNoProductInformationEntered(RequestForQuoteModule.java:172)
at java.base/jdk.internal.reflect.NativeMethodAccessorImpl.invoke0(Native Method)
at java.base/jdk.internal.reflect.NativeMethodAccessorImpl.invoke(NativeMethodAccessorImpl.java:77)
at java.base/jdk.internal.reflect.DelegatingMethodAccessorImpl.invoke(DelegatingMethodAccessorImpl.java:43)
at java.base/java.lang.reflect.Method.invoke(Method.java:568)
at org.testng.internal.MethodInvocationHelper.invokeMethod(MethodInvocationHelper.java:124)
at org.testng.internal.Invoker.invokeMethod(Invoker.java:580)
at org.testng.internal.Invoker.invokeTestMethod(Invoker.java:716)
at org.testng.internal.Invoker.invokeTestMethods(Invoker.java:988)
at org.testng.internal.TestMethodWorker.invokeTestMethods(TestMethodWorker.java:125)
at org.testng.internal.TestMethodWorker.run(TestMethodWorker.java:109)
at java.base/java.util.concurrent.ThreadPoolExecutor.runWorker(ThreadPoolExecutor.java:1136)
at java.base/java.util.concurrent.ThreadPoolExecutor$Worker.run(ThreadPoolExecutor.java:635)
at java.base/java.lang.Thread.run(Thread.java:833)
]]>
    </failure>
  </testcase> <!-- verifyErrorMessagesWhenNoProductInformationEntered -->
  <testcase classname="testmethods.RequestForQuoteModule" name="verifySuccessMessageAfterQuoteSubmission">
    <skipped/>
  </testcase> <!-- verifySuccessMessageAfterQuoteSubmission -->
</testsuite> <!-- testmethods.RequestForQuoteModule -->
