<?xml version="1.0" encoding="UTF-8"?>
<!-- Generated by org.testng.reporters.JUnitReportReporter -->
<testsuite hostname="USL-57R6042" failures="1" tests="2" name="testmethods.ShipMethodModuleTest" time="61.904" errors="0" timestamp="20 May 2022 06:21:15 GMT" skipped="1">
  <testcase classname="testmethods.ShipMethodModuleTest" name="verifyShipMethodOptions" time="61.904">
    <failure message="verifyShipMethodOptions failed :Index 2 out of bounds for length 2" type="java.lang.AssertionError">
      <![CDATA[java.lang.AssertionError: verifyShipMethodOptions failed :Index 2 out of bounds for length 2
at org.testng.Assert.fail(Assert.java:96)
at testmethods.ShipMethodModuleTest.verifyShipMethodOptions(ShipMethodModuleTest.java:72)
at java.base/jdk.internal.reflect.NativeMethodAccessorImpl.invoke0(Native Method)
at java.base/jdk.internal.reflect.NativeMethodAccessorImpl.invoke(NativeMethodAccessorImpl.java:77)
at java.base/jdk.internal.reflect.DelegatingMethodAccessorImpl.invoke(DelegatingMethodAccessorImpl.java:43)
at java.base/java.lang.reflect.Method.invoke(Method.java:568)
at org.testng.internal.MethodInvocationHelper.invokeMethod(MethodInvocationHelper.java:124)
at org.testng.internal.Invoker.invokeMethod(Invoker.java:580)
at org.testng.internal.Invoker.invokeTestMethod(Invoker.java:716)
at org.testng.internal.Invoker.invokeTestMethods(Invoker.java:988)
at org.testng.internal.TestMethodWorker.invokeTestMethods(TestMethodWorker.java:125)
at org.testng.internal.TestMethodWorker.run(TestMethodWorker.java:109)
at java.base/java.util.concurrent.ThreadPoolExecutor.runWorker(ThreadPoolExecutor.java:1136)
at java.base/java.util.concurrent.ThreadPoolExecutor$Worker.run(ThreadPoolExecutor.java:635)
at java.base/java.lang.Thread.run(Thread.java:833)
]]>
    </failure>
  </testcase> <!-- verifyShipMethodOptions -->
  <testcase classname="testmethods.ShipMethodModuleTest" name="verifyShipMethodInOrderPage">
    <skipped/>
  </testcase> <!-- verifyShipMethodInOrderPage -->
</testsuite> <!-- testmethods.ShipMethodModuleTest -->
