<?xml version="1.0" encoding="UTF-8"?>
<!-- Generated by org.testng.reporters.JUnitReportReporter -->
<testsuite hostname="USL-2T59152" failures="0" tests="3" name="testmethods.LocationsModuleTest" time="21.008" errors="0" timestamp="27 Apr 2022 13:27:29 GMT" skipped="1">
  <testcase classname="testmethods.LocationsModuleTest" name="verifyLocationsByProductTitle" time="11.714"/>
  <testcase classname="testmethods.LocationsModuleTest" name="verifyLocationsByProductTitle" time="9.294"/>
  <testcase classname="testmethods.LocationsModuleTest" name="verifyMapDrivingDirections">
    <skipped/>
  </testcase> <!-- verifyMapDrivingDirections -->
</testsuite> <!-- testmethods.LocationsModuleTest -->
