<?xml version="1.0" encoding="UTF-8"?>
<!-- Generated by org.testng.reporters.JUnitReportReporter -->
<testsuite hostname="USL-2T59152" failures="0" tests="2" name="testmethods.CompareModuleTest" time="66.912" errors="0" timestamp="27 Apr 2022 07:47:58 GMT" skipped="1">
  <testcase classname="testmethods.CompareModuleTest" name="verifyHighlightFunctionality" time="66.912"/>
  <testcase classname="testmethods.CompareModuleTest" name="verifyDisableAddToCartButton">
    <skipped/>
  </testcase> <!-- verifyDisableAddToCartButton -->
</testsuite> <!-- testmethods.CompareModuleTest -->
