<?xml version="1.0" encoding="UTF-8"?>
<!-- Generated by org.testng.reporters.JUnitReportReporter -->
<testsuite hostname="USL-57R6042" failures="0" tests="1" name="testmethods.SendThisPageModuleTest" time="57.391" errors="0" timestamp="16 May 2022 12:27:53 GMT" skipped="0">
  <testcase classname="testmethods.SendThisPageModuleTest" name="verifyErrorBeforLoginMessage" time="57.391"/>
</testsuite> <!-- testmethods.SendThisPageModuleTest -->
