<?xml version="1.0" encoding="UTF-8"?>
<!-- Generated by org.testng.reporters.JUnitReportReporter -->
<testsuite hostname="USL-57R6042" failures="0" tests="1" name="testmethods.ShopByBrandsModuleTest" time="31.115" errors="0" timestamp="16 May 2022 12:16:26 GMT" skipped="0">
  <testcase classname="testmethods.ShopByBrandsModuleTest" name="verifyBrandsListAndItem" time="31.115"/>
</testsuite> <!-- testmethods.ShopByBrandsModuleTest -->
