<?xml version="1.0" encoding="UTF-8"?>
<!-- Generated by org.testng.reporters.JUnitReportReporter -->
<testsuite hostname="USL-2T59152" failures="0" tests="6" name="testmethods.FooterModule" time="8.264" errors="0" timestamp="26 Apr 2022 13:04:46 GMT" skipped="4">
  <testcase classname="testmethods.FooterModule" name="verifyCopyRightsPageInPageFooter" time="4.266"/>
  <testcase classname="testmethods.FooterModule" name="verifyEmailSubscriptionsectionInPageFooter" time="3.998"/>
  <testcase classname="testmethods.FooterModule" name="verifyAllLinksBelowMenu2InPageFooter">
    <skipped/>
  </testcase> <!-- verifyAllLinksBelowMenu2InPageFooter -->
  <testcase classname="testmethods.FooterModule" name="verifyAllLinksBelowMenu1InPageFooter">
    <skipped/>
  </testcase> <!-- verifyAllLinksBelowMenu1InPageFooter -->
  <testcase classname="testmethods.FooterModule" name="verifyAllLinksBelowMenu3InPageFooter">
    <skipped/>
  </testcase> <!-- verifyAllLinksBelowMenu3InPageFooter -->
  <testcase classname="testmethods.FooterModule" name="verifyAllFooterLinks">
    <skipped/>
  </testcase> <!-- verifyAllFooterLinks -->
</testsuite> <!-- testmethods.FooterModule -->
