<?xml version="1.0" encoding="UTF-8"?>
<!-- Generated by org.testng.reporters.JUnitReportReporter -->
<testsuite hostname="USL-57R6042" failures="0" tests="3" name="testmethods.PricePrecisionModule" time="67.529" errors="0" timestamp="19 May 2022 14:00:15 GMT" skipped="2">
  <testcase classname="testmethods.PricePrecisionModule" name="g_verifyPricePrecisionInCheckOutPage" time="67.529"/>
  <testcase classname="testmethods.PricePrecisionModule" name="i_verifyPricePrecisionInOpenOrderDetailsPage">
    <skipped/>
  </testcase> <!-- i_verifyPricePrecisionInOpenOrderDetailsPage -->
  <testcase classname="testmethods.PricePrecisionModule" name="h_verifyPricePrecisionInOrderDetailsPage">
    <skipped/>
  </testcase> <!-- h_verifyPricePrecisionInOrderDetailsPage -->
</testsuite> <!-- testmethods.PricePrecisionModule -->
