<?xml version="1.0" encoding="UTF-8"?>
<!-- Generated by org.testng.reporters.JUnitReportReporter -->
<testsuite hostname="USL-57R6042" failures="0" tests="4" name="testmethods.HeaderModule" time="5.415" errors="0" timestamp="19 May 2022 10:42:22 GMT" skipped="3">
  <testcase classname="testmethods.HeaderModule" name="verifyHeaderDetails" time="5.415"/>
  <testcase classname="testmethods.HeaderModule" name="verifytopNavigationPromotions">
    <skipped/>
  </testcase> <!-- verifytopNavigationPromotions -->
  <testcase classname="testmethods.HeaderModule" name="verifytopNavigationMenufacturers">
    <skipped/>
  </testcase> <!-- verifytopNavigationMenufacturers -->
  <testcase classname="testmethods.HeaderModule" name="verifytopNavigationServices">
    <skipped/>
  </testcase> <!-- verifytopNavigationServices -->
</testsuite> <!-- testmethods.HeaderModule -->
