<?xml version="1.0" encoding="UTF-8"?>
<!-- Generated by org.testng.reporters.JUnitReportReporter -->
<testsuite hostname="USL-57R6042" failures="0" tests="3" name="testmethods.GeneralSearch" time="44.979" errors="0" timestamp="20 May 2022 05:31:42 GMT" skipped="2">
  <testcase classname="testmethods.GeneralSearch" name="verifySearchByCPN" time="44.979"/>
  <testcase classname="testmethods.GeneralSearch" name="verifySearchByCategory_AutoSuggest">
    <skipped/>
  </testcase> <!-- verifySearchByCategory_AutoSuggest -->
  <testcase classname="testmethods.GeneralSearch" name="verifySearchByBrand_AutoSuggest">
    <skipped/>
  </testcase> <!-- verifySearchByBrand_AutoSuggest -->
</testsuite> <!-- testmethods.GeneralSearch -->
