<?xml version="1.0" encoding="UTF-8"?>
<!-- Generated by org.testng.reporters.JUnitReportReporter -->
<testsuite hostname="USL-2T59152" failures="0" tests="5" name="testmethods.AvailabilityModuleTest" time="85.672" errors="0" timestamp="27 Apr 2022 06:58:48 GMT" skipped="3">
  <testcase classname="testmethods.AvailabilityModuleTest" name="c_verifyItemAvailabilityAfterLoginInListAndGridPage" time="68.635"/>
  <testcase classname="testmethods.AvailabilityModuleTest" name="d_verifyItemAvailabilityAfterLoginInDetailPage" time="17.037"/>
  <testcase classname="testmethods.AvailabilityModuleTest" name="b_verifyItemAvailabilityBeforeLogin">
    <skipped/>
  </testcase> <!-- b_verifyItemAvailabilityBeforeLogin -->
  <testcase classname="testmethods.AvailabilityModuleTest" name="verifyBranchAvailability">
    <skipped/>
  </testcase> <!-- verifyBranchAvailability -->
  <testcase classname="testmethods.AvailabilityModuleTest" name="a_verifyItemAvailabilityBeforeLoginInDetailPage">
    <skipped/>
  </testcase> <!-- a_verifyItemAvailabilityBeforeLoginInDetailPage -->
</testsuite> <!-- testmethods.AvailabilityModuleTest -->
