<?xml version="1.0" encoding="UTF-8"?>
<!-- Generated by org.testng.reporters.JUnitReportReporter -->
<testsuite hostname="USL-2T59152" failures="0" tests="4" name="testmethods.OrderHistoryModuleTest" time="156.463" errors="0" timestamp="27 Apr 2022 13:48:15 GMT" skipped="0">
  <testcase classname="testmethods.OrderHistoryModuleTest" name="verifyOfSearchByOrderNumberPOAndkeyword" time="13.955"/>
  <testcase classname="testmethods.OrderHistoryModuleTest" name="verifySortingInOrderHistoryTable" time="105.851"/>
  <testcase classname="testmethods.OrderHistoryModuleTest" name="verifyShowDropDownFunctionality" time="22.664"/>
  <testcase classname="testmethods.OrderHistoryModuleTest" name="verifyOrderHistoryPage" time="13.993"/>
</testsuite> <!-- testmethods.OrderHistoryModuleTest -->
